
[2020-09-09 11:15:55.225] *************************
[2020-09-09 11:15:55.225] STARTING TEST PROGRAM
[2020-09-09 11:15:55.225] *************************
[2020-09-09 11:15:55.225] 
[2020-09-09 11:15:55.326] FW VERSION IS: 1.04
[2020-09-09 11:15:55.531] 
[2020-09-09 11:15:55.531] CHECK ACCELEROMETER
[2020-09-09 11:15:55.531] 
[2020-09-09 11:15:55.736] ACCELEROMETER DEVICE ID OK (0x33)
[2020-09-09 11:15:55.736] 
[2020-09-09 11:16:00.027] Average Acceleration NOST[mg]:   68	-41	1028
[2020-09-09 11:16:00.027] 
[2020-09-09 11:16:04.316] Average Acceleration ST[mg]:     505	332	663
[2020-09-09 11:16:04.316] 
[2020-09-09 11:16:04.419] ACCELEROMETER TEST OK
[2020-09-09 11:16:04.419] 
[2020-09-09 11:16:07.165] SIM 800 power OFF
[2020-09-09 11:16:07.165] 
[2020-09-09 11:16:12.348] SIM 800 power ON
[2020-09-09 11:16:12.348] 
[2020-09-09 11:16:18.815] INIT SIM 800 OK
[2020-09-09 11:16:18.815] 
[2020-09-09 11:16:18.929] SIM800 IMEI is:
[2020-09-09 11:16:19.030] 864376040799156
[2020-09-09 11:16:19.030] 
[2020-09-09 11:16:40.206] GPS INIT OK
[2020-09-09 11:16:40.206] 
[2020-09-09 11:16:40.309] CHECK FLASH MEM
[2020-09-09 11:16:40.309] 
[2020-09-09 11:16:40.591] ERASE MEM DONE
[2020-09-09 11:16:40.591] 
[2020-09-09 11:16:40.699] WRITE MEM DONE
[2020-09-09 11:16:40.699] 
[2020-09-09 11:16:40.804] MEMORY TEST OK
[2020-09-09 11:16:40.804] 
[2020-09-09 11:16:42.437] GPS DATA TEST OK
[2020-09-09 11:16:42.437] 
[2020-09-09 11:16:42.821] SIM 800 FULL MODE
[2020-09-09 11:16:42.821] 
[2020-09-09 11:16:59.222] CHECK GSM SIGNAL STRENGHT
[2020-09-09 11:16:59.222] 
[2020-09-09 11:17:04.405] ERROR: GSM SIGNAL RSSI IS TOO WEAK:
[2020-09-09 11:17:04.405] 
