
[2020-09-09 11:09:21.733] *************************
[2020-09-09 11:09:21.733] STARTING TEST PROGRAM
[2020-09-09 11:09:21.733] *************************
[2020-09-09 11:09:21.733] 
[2020-09-09 11:09:21.835] FW VERSION IS: 1.04
[2020-09-09 11:09:22.040] 
[2020-09-09 11:09:22.040] CHECK ACCELEROMETER
[2020-09-09 11:09:22.040] 
[2020-09-09 11:09:22.245] ACCELEROMETER DEVICE ID OK (0x33)
[2020-09-09 11:09:22.245] 
[2020-09-09 11:09:26.538] Average Acceleration NOST[mg]:   88	-20	1028
[2020-09-09 11:09:26.538] 
[2020-09-09 11:09:30.829] Average Acceleration ST[mg]:     525	421	681
[2020-09-09 11:09:30.829] 
[2020-09-09 11:09:30.931] ACCELEROMETER TEST OK
[2020-09-09 11:09:30.931] 
[2020-09-09 11:09:33.679] SIM 800 power OFF
[2020-09-09 11:09:33.679] 
[2020-09-09 11:09:38.864] SIM 800 power ON
[2020-09-09 11:09:38.864] 
[2020-09-09 11:09:48.774] INIT SIM 800 OK
[2020-09-09 11:09:48.774] 
[2020-09-09 11:09:48.887] SIM800 IMEI is:
[2020-09-09 11:09:48.988] 864376040871385
[2020-09-09 11:09:48.988] 
[2020-09-09 11:10:10.168] GPS INIT OK
[2020-09-09 11:10:10.168] 
[2020-09-09 11:10:10.271] CHECK FLASH MEM
[2020-09-09 11:10:10.271] 
[2020-09-09 11:10:10.554] ERASE MEM DONE
[2020-09-09 11:10:10.554] 
[2020-09-09 11:10:10.662] WRITE MEM DONE
[2020-09-09 11:10:10.662] 
[2020-09-09 11:10:10.768] MEMORY TEST OK
[2020-09-09 11:10:10.768] 
[2020-09-09 11:10:12.402] GPS DATA TEST OK
[2020-09-09 11:10:12.402] 
[2020-09-09 11:10:12.785] SIM 800 FULL MODE
[2020-09-09 11:10:12.785] 
[2020-09-09 11:10:29.191] CHECK GSM SIGNAL STRENGHT
[2020-09-09 11:10:29.191] 
[2020-09-09 11:10:34.375] GSM SIGNAL IS GOOD AND RSSI IS: 6,
[2020-09-09 11:10:34.477] 
[2020-09-09 11:10:34.580] SIM 800 START TASK OK
[2020-09-09 11:10:34.580] 
[2020-09-09 11:10:35.204] SIM 800 ATTACHED TO GPRS
[2020-09-09 11:10:35.204] 
[2020-09-09 11:10:35.973] SIM 800 OPEN BEARER OK
[2020-09-09 11:10:35.973] 
[2020-09-09 11:10:38.300] SIM 800 INIT TCP OK
[2020-09-09 11:10:38.300] 
[2020-09-09 11:10:39.798] SIM 800 SEND OK
[2020-09-09 11:10:39.798] 
[2020-09-09 11:10:39.900] SIM 800 DEACT GPRS
[2020-09-09 11:10:39.900] 
[2020-09-09 11:10:53.256] CHECK SERV RESP FOR UPDATE
[2020-09-09 11:10:53.256] 
[2020-09-09 11:10:53.359] GO TO UPDATE STATE
[2020-09-09 11:10:53.359] 
[2020-09-09 11:11:03.626] UPDATE OK
[2020-09-09 11:11:03.626] 
[2020-09-09 11:11:03.728] ERASING WRITE/READ ADDRESS IN EEPROM
[2020-09-09 11:11:03.728] 
[2020-09-09 11:11:04.019] EEPROM WRITE/READ ADDRESS ERASED
[2020-09-09 11:11:04.019] 
[2020-09-09 11:11:04.121] TEST SUCCEEDED
[2020-09-09 11:11:04.121] 
