
[2020-09-09 11:13:20.848] *************************
[2020-09-09 11:13:20.848] STARTING TEST PROGRAM
[2020-09-09 11:13:20.848] *************************
[2020-09-09 11:13:20.848] 
[2020-09-09 11:13:20.950] FW VERSION IS: 1.04
[2020-09-09 11:13:21.158] 
[2020-09-09 11:13:21.158] CHECK ACCELEROMETER
[2020-09-09 11:13:21.158] 
[2020-09-09 11:13:21.365] ACCELEROMETER DEVICE ID OK (0x33)
[2020-09-09 11:13:21.365] 
[2020-09-09 11:13:25.708] Average Acceleration NOST[mg]:   76	-52	1061
[2020-09-09 11:13:25.708] 
[2020-09-09 11:13:30.050] Average Acceleration ST[mg]:     529	408	692
[2020-09-09 11:13:30.050] 
[2020-09-09 11:13:30.153] ACCELEROMETER TEST OK
[2020-09-09 11:13:30.153] 
[2020-09-09 11:13:34.988] SIM 800 power ON
[2020-09-09 11:13:34.988] 
[2020-09-09 11:13:45.680] INIT SIM 800 OK
[2020-09-09 11:13:45.680] 
[2020-09-09 11:13:45.794] SIM800 IMEI is:
[2020-09-09 11:13:45.898] 864376040778242
[2020-09-09 11:13:45.898] 
[2020-09-09 11:14:07.319] GPS INIT OK
[2020-09-09 11:14:07.319] 
[2020-09-09 11:14:07.423] CHECK FLASH MEM
[2020-09-09 11:14:07.423] 
[2020-09-09 11:14:07.717] ERASE MEM DONE
[2020-09-09 11:14:07.717] 
[2020-09-09 11:14:07.826] WRITE MEM DONE
[2020-09-09 11:14:07.826] 
[2020-09-09 11:14:07.932] MEMORY TEST OK
[2020-09-09 11:14:07.932] 
[2020-09-09 11:14:09.583] GPS DATA TEST OK
[2020-09-09 11:14:09.583] 
[2020-09-09 11:14:09.972] SIM 800 FULL MODE
[2020-09-09 11:14:09.972] 
[2020-09-09 11:14:26.562] CHECK GSM SIGNAL STRENGHT
[2020-09-09 11:14:26.562] 
[2020-09-09 11:14:31.805] GSM SIGNAL IS GOOD AND RSSI IS: 4,
[2020-09-09 11:14:31.909] 
[2020-09-09 11:14:32.012] SIM 800 START TASK OK
[2020-09-09 11:14:32.012] 
[2020-09-09 11:14:32.644] SIM 800 ATTACHED TO GPRS
[2020-09-09 11:14:32.644] 
[2020-09-09 11:14:34.453] SIM 800 OPEN BEARER OK
[2020-09-09 11:14:34.453] 
[2020-09-09 11:14:36.808] SIM 800 INIT TCP OK
[2020-09-09 11:14:36.808] 
[2020-09-09 11:14:38.327] SIM 800 SEND OK
[2020-09-09 11:14:38.327] 
[2020-09-09 11:14:38.431] SIM 800 DEACT GPRS
[2020-09-09 11:14:38.431] 
[2020-09-09 11:14:51.919] CHECK SERV RESP FOR UPDATE
[2020-09-09 11:14:51.919] 
[2020-09-09 11:14:52.023] GO TO UPDATE STATE
[2020-09-09 11:14:52.023] 
[2020-09-09 11:15:02.406] UPDATE OK
[2020-09-09 11:15:02.406] 
[2020-09-09 11:15:02.509] ERASING WRITE/READ ADDRESS IN EEPROM
[2020-09-09 11:15:02.509] 
[2020-09-09 11:15:02.811] EEPROM WRITE/READ ADDRESS ERASED
[2020-09-09 11:15:02.811] 
[2020-09-09 11:15:02.913] TEST SUCCEEDED
[2020-09-09 11:15:02.913] 
