
[2020-09-09 10:55:43.102] *************************
[2020-09-09 10:55:43.102] STARTING TEST PROGRAM
[2020-09-09 10:55:43.102] *************************
[2020-09-09 10:55:43.102] 
[2020-09-09 10:55:43.102] FW VERSION IS: 1.04
[2020-09-09 10:55:53.102] 
[2020-09-09 10:55:53.102] CHECK ACCELEROMETER
[2020-09-09 10:55:53.102] 
[2020-09-09 10:55:53.102] ACCELEROMETER DEVICE ID OK (0x33)
[2020-09-09 10:56:03.102] 
[2020-09-09 10:56:03.102] Average Acceleration NOST[mg]:   68	-41	1028
[2020-09-09 10:56:03.102] 
[2020-09-09 10:56:03.102] Average Acceleration ST[mg]:     505	332	663
[2020-09-09 10:56:03.102] 
[2020-09-09 10:56:03.102] ACCELEROMETER TEST OK
[2020-09-09 10:56:03.102] 
[2020-09-09 10:56:14.102] SIM 800 power OFF
[2020-09-09 10:56:14.102] 
[2020-09-09 10:56:14.102] SIM 800 power ON
[2020-09-09 10:56:14.102] 
[2020-09-09 10:56:22.862] INIT SIM 800 OK
[2020-09-09 10:56:22.862] 
[2020-09-09 10:56:22.974] SIM800 IMEI is:
[2020-09-09 10:56:23.076] 864376040797622
[2020-09-09 10:56:23.076] 
[2020-09-09 10:56:44.248] GPS INIT OK
[2020-09-09 10:56:44.248] 
[2020-09-09 10:56:44.350] CHECK FLASH MEM
[2020-09-09 10:56:44.350] 
[2020-09-09 10:56:44.637] ERASE MEM DONE
[2020-09-09 10:56:44.637] 
[2020-09-09 10:56:44.745] WRITE MEM DONE
[2020-09-09 10:56:44.745] 
[2020-09-09 10:56:44.851] MEMORY TEST OK
[2020-09-09 10:56:44.851] 
[2020-09-09 10:56:46.483] GPS DATA TEST OK
[2020-09-09 10:56:46.483] 
[2020-09-09 10:56:46.867] SIM 800 FULL MODE
[2020-09-09 10:56:46.867] 
[2020-09-09 10:57:03.265] CHECK GSM SIGNAL STRENGHT
[2020-09-09 10:57:03.265] 
[2020-09-09 10:57:08.447] ERROR: GSM SIGNAL RSSI IS TOO WEAK:
[2020-09-09 10:57:08.447] 
