
[2020-09-09 11:25:39.468] *************************
[2020-09-09 11:25:39.468] STARTING TEST PROGRAM
[2020-09-09 11:25:39.468] *************************
[2020-09-09 11:25:39.468] 
[2020-09-09 11:25:39.569] FW VERSION IS: 1.04
[2020-09-09 11:25:39.775] 
[2020-09-09 11:25:39.775] CHECK ACCELEROMETER
[2020-09-09 11:25:39.775] 
[2020-09-09 11:25:39.981] ACCELEROMETER DEVICE ID OK (0x33)
[2020-09-09 11:25:39.981] 
[2020-09-09 11:25:44.294] Average Acceleration NOST[mg]:   56	-81	1056
[2020-09-09 11:25:44.294] 
[2020-09-09 11:25:48.606] Average Acceleration ST[mg]:     496	294	708
[2020-09-09 11:25:48.606] 
[2020-09-09 11:25:48.708] ACCELEROMETER TEST OK
[2020-09-09 11:25:48.708] 
[2020-09-09 11:25:53.513] SIM 800 power ON
[2020-09-09 11:25:53.513] 
[2020-09-09 11:26:04.218] INIT SIM 800 OK
[2020-09-09 11:26:04.218] 
[2020-09-09 11:26:04.331] SIM800 IMEI is:
[2020-09-09 11:26:04.433] 864376040076605
[2020-09-09 11:26:04.433] 
[2020-09-09 11:26:25.737] GPS INIT OK
[2020-09-09 11:26:25.737] 
[2020-09-09 11:26:25.840] CHECK FLASH MEM
[2020-09-09 11:26:25.840] 
[2020-09-09 11:26:26.129] ERASE MEM DONE
[2020-09-09 11:26:26.129] 
[2020-09-09 11:26:26.238] WRITE MEM DONE
[2020-09-09 11:26:26.238] 
[2020-09-09 11:26:26.343] MEMORY TEST OK
[2020-09-09 11:26:26.343] 
[2020-09-09 11:26:27.987] GPS DATA TEST OK
[2020-09-09 11:26:27.987] 
[2020-09-09 11:26:28.374] SIM 800 FULL MODE
[2020-09-09 11:26:28.374] 
[2020-09-09 11:26:44.871] CHECK GSM SIGNAL STRENGHT
[2020-09-09 11:26:44.871] 
[2020-09-09 11:26:50.084] GSM SIGNAL IS GOOD AND RSSI IS: 8,
[2020-09-09 11:26:50.186] 
[2020-09-09 11:26:50.289] SIM 800 START TASK OK
[2020-09-09 11:26:50.289] 
[2020-09-09 11:26:50.918] SIM 800 ATTACHED TO GPRS
[2020-09-09 11:26:50.918] 
[2020-09-09 11:26:51.624] SIM 800 OPEN BEARER OK
[2020-09-09 11:26:51.624] 
[2020-09-09 11:26:53.965] SIM 800 INIT TCP OK
[2020-09-09 11:26:53.965] 
[2020-09-09 11:26:55.474] SIM 800 SEND OK
[2020-09-09 11:26:55.474] 
[2020-09-09 11:26:55.577] SIM 800 DEACT GPRS
[2020-09-09 11:26:55.577] 
[2020-09-09 11:27:08.969] CHECK SERV RESP FOR UPDATE
[2020-09-09 11:27:08.969] 
[2020-09-09 11:27:09.072] GO TO UPDATE STATE
[2020-09-09 11:27:09.072] 
[2020-09-09 11:27:19.399] UPDATE OK
[2020-09-09 11:27:19.399] 
[2020-09-09 11:27:19.502] ERASING WRITE/READ ADDRESS IN EEPROM
[2020-09-09 11:27:19.502] 
[2020-09-09 11:27:19.799] EEPROM WRITE/READ ADDRESS ERASED
[2020-09-09 11:27:19.799] 
[2020-09-09 11:27:19.901] TEST SUCCEEDED
[2020-09-09 11:27:19.901] 
