
[2020-09-09 11:03:11.602] *************************
[2020-09-09 11:03:11.602] STARTING TEST PROGRAM
[2020-09-09 11:03:11.602] *************************
[2020-09-09 11:03:11.602] 
[2020-09-09 11:03:11.704] FW VERSION IS: 1.04
[2020-09-09 11:03:11.910] 
[2020-09-09 11:03:11.910] CHECK ACCELEROMETER
[2020-09-09 11:03:11.910] 
[2020-09-09 11:03:12.116] ACCELEROMETER DEVICE ID OK (0x33)
[2020-09-09 11:03:12.116] 
[2020-09-09 11:03:16.427] Average Acceleration NOST[mg]:   76	-20	1049
[2020-09-09 11:03:16.427] 
[2020-09-09 11:03:20.736] Average Acceleration ST[mg]:     511	384	712
[2020-09-09 11:03:20.736] 
[2020-09-09 11:03:20.839] ACCELEROMETER TEST OK
[2020-09-09 11:03:20.839] 
[2020-09-09 11:03:23.598] SIM 800 power OFF
[2020-09-09 11:03:23.598] 
[2020-09-09 11:03:28.804] SIM 800 power ON
[2020-09-09 11:03:28.804] 
[2020-09-09 11:03:35.303] INIT SIM 800 OK
[2020-09-09 11:03:35.303] 
[2020-09-09 11:03:35.416] SIM800 IMEI is:
[2020-09-09 11:03:35.518] 864376040770066
[2020-09-09 11:03:35.518] 
[2020-09-09 11:03:56.791] GPS INIT OK
[2020-09-09 11:03:56.791] 
[2020-09-09 11:03:56.893] CHECK FLASH MEM
[2020-09-09 11:03:56.893] 
[2020-09-09 11:03:57.180] ERASE MEM DONE
[2020-09-09 11:03:57.180] 
[2020-09-09 11:03:57.289] WRITE MEM DONE
[2020-09-09 11:03:57.289] 
[2020-09-09 11:03:57.395] MEMORY TEST OK
[2020-09-09 11:03:57.395] 
[2020-09-09 11:03:59.035] GPS DATA TEST OK
[2020-09-09 11:03:59.035] 
[2020-09-09 11:03:59.420] SIM 800 FULL MODE
[2020-09-09 11:03:59.420] 
[2020-09-09 11:04:15.898] CHECK GSM SIGNAL STRENGHT
[2020-09-09 11:04:15.898] 
[2020-09-09 11:04:21.104] GSM SIGNAL IS GOOD AND RSSI IS: 8,
[2020-09-09 11:04:21.207] 
[2020-09-09 11:04:21.309] SIM 800 START TASK OK
[2020-09-09 11:04:21.309] 
[2020-09-09 11:04:21.937] SIM 800 ATTACHED TO GPRS
[2020-09-09 11:04:21.937] 
[2020-09-09 11:04:22.654] SIM 800 OPEN BEARER OK
[2020-09-09 11:04:22.654] 
[2020-09-09 11:04:24.993] SIM 800 INIT TCP OK
[2020-09-09 11:04:24.993] 
[2020-09-09 11:04:26.487] SIM 800 SEND OK
[2020-09-09 11:04:26.487] 
[2020-09-09 11:04:26.589] SIM 800 DEACT GPRS
[2020-09-09 11:04:26.589] 
[2020-09-09 11:04:40.011] CHECK SERV RESP FOR UPDATE
[2020-09-09 11:04:40.011] 
[2020-09-09 11:04:40.114] GO TO UPDATE STATE
[2020-09-09 11:04:40.114] 
[2020-09-09 11:04:50.428] UPDATE OK
[2020-09-09 11:04:50.428] 
[2020-09-09 11:04:50.529] ERASING WRITE/READ ADDRESS IN EEPROM
[2020-09-09 11:04:50.529] 
[2020-09-09 11:04:50.824] EEPROM WRITE/READ ADDRESS ERASED
[2020-09-09 11:04:50.824] 
[2020-09-09 11:04:50.928] TEST SUCCEEDED
[2020-09-09 11:04:50.928] 
