ERROR 14:52 Un problème critique est survenu
ERROR 14:53 Une erreur imprévue est apparue
WARNING 15:22 Attention, quelque chose ne semble pas normal
INFO 15:24 Les opérations se déroulent normalement
INFO 16:01 Une information utile pour le débogage
ERROR 12:05 Un incident majeur s'est produit
ERROR 13:15 Un dysfonctionnement a été détecté
WARNING 14:20 Attention, des conditions inhabituelles
INFO 14:45 Les tâches planifiées ont été exécutées avec succès
INFO 16:30 Tout est en ordre, aucun problème à signaler
ERROR 17:10 Une erreur critique a été détectée
ERROR 18:25 Une défaillance sérieuse est survenue
WARNING 19:45 Attention, des anomalies ont été détectées
INFO 20:02 Les opérations normales ont repris
INFO 21:30 Une information utile pour les développeurs
ERROR 22:15 Une situation d'urgence s'est produite
ERROR 23:40 Un incident majeur a nécessité une intervention immédiate
WARNING 00:05 Attention, des avertissements persistants
INFO 01:22 Le système fonctionne correctement
INFO 02:50 Les opérations de maintenance sont en cours
ERROR 03:15 Une erreur grave a interrompu les processus
ERROR 04:30 Une défaillance critique a nécessité une intervention immédiate
WARNING 05:45 Attention, des problèmes potentiels ont été identifiés
INFO 06:10 Les opérations se déroulent normalement
INFO 07:25 Une information importante pour le suivi
ERROR 08:40 Une erreur critique est survenue
ERROR 09:55 Une situation d'urgence a nécessité une réaction immédiate
WARNING 10:20 Attention, des avertissements persistants
INFO 11:35 Les tâches planifiées ont été exécutées avec succès
INFO 12:50 Tout est en ordre, aucun problème à signaler
ERROR 13:15 Un incident majeur a interrompu les opérations
ERROR 14:30 Une défaillance critique a nécessité une intervention immédiate
WARNING 15:45 Attention, des problèmes potentiels ont été identifiés
INFO 16:10 Le système fonctionne correctement
INFO 17:25 Les opérations de maintenance sont en cours
ERROR 18:50 Une erreur grave a interrompu les processus
ERROR 20:15 Une situation d'urgence s'est produite
WARNING 21:40 Attention, des avertissements persistants
INFO 23:05 Les opérations se déroulent normalement
INFO 00:20 Une information importante pour le suivi
ERROR 01:45 Une erreur critique est survenue
ERROR 03:10 Un incident majeur a nécessité une intervention immédiate
WARNING 04:35 Attention, des problèmes potentiels ont été identifiés
INFO 06:00 Le système fonctionne correctement
INFO 07:25 Les opérations de maintenance sont en cours
