ERROR 08:10 Une erreur majeure est survenue
ERROR 09:25 Une défaillance sérieuse a nécessité une intervention immédiate
WARNING 10:50 Attention, des anomalies ont été détectées
INFO 12:15 Les opérations normales ont repris
INFO 13:40 Une information utile pour les développeurs
ERROR 15:05 Une situation d'urgence s'est produite
ERROR 16:30 Un incident majeur a nécessité une intervention immédiate
WARNING 17:55 Attention, des avertissements persistants
INFO 19:20 Le système fonctionne correctement
INFO 20:45 Les opérations de maintenance sont en cours
ERROR 22:10 Une erreur grave a interrompu les processus
ERROR 23:35 Une défaillance critique a nécessité une intervention immédiate
WARNING 00:00 Attention, des problèmes potentiels ont été identifiés
INFO 01:25 Les tâches planifiées ont été exécutées avec succès
INFO 02:50 Tout est en ordre, aucun problème à signaler
ERROR 04:15 Un incident majeur a interrompu les opérations
ERROR 05:40 Une défaillance critique a nécessité une intervention immédiate
WARNING 07:05 Attention, des problèmes potentiels ont été identifiés
INFO 08:30 Le système fonctionne correctement
INFO 09:55 Les opérations de maintenance sont en cours
