ERROR 11:20 Une erreur critique est survenue
ERROR 12:45 Une situation d'urgence a nécessité une réaction immédiate
WARNING 14:10 Attention, des avertissements persistants
INFO 15:35 Les opérations se déroulent normalement
INFO 17:00 Une information importante pour le suivi
ERROR 18:25 Une erreur grave a interrompu les processus
ERROR 19:50 Une défaillance critique a nécessité une intervention immédiate
WARNING 21:15 Attention, des problèmes potentiels ont été identifiés
INFO 22:40 Le système fonctionne correctement
INFO 00:05 Les opérations de maintenance sont en cours
ERROR 01:30 Un incident majeur a interrompu les opérations
ERROR 02:55 Une défaillance sérieuse a nécessité une intervention immédiate
WARNING 04:20 Attention, des anomalies ont été détectées
INFO 05:45 Les opérations normales ont repris
INFO 07:10 Une information utile pour les développeurs
ERROR 08:35 Une situation d'urgence s'est produite
ERROR 10:00 Un incident majeur a nécessité une intervention immédiate
WARNING 11:25 Attention, des avertissements persistants
INFO 12:50 Le système fonctionne correctement
INFO 14:15 Les opérations de maintenance sont en cours
ERROR 15:40 Une erreur grave a interrompu les processus
ERROR 17:05 Une défaillance critique a nécessité une intervention immédiate
WARNING 18:30 Attention, des problèmes potentiels ont été identifiés
INFO 19:55 Les tâches planifiées ont été exécutées avec succès
INFO 21:20 Tout est en ordre, aucun problème à signaler
ERROR 22:45 Un incident majeur a interrompu les opérations
ERROR 00:10 Une défaillance critique a nécessité une intervention immédiate
WARNING 01:35 Attention, des problèmes potentiels ont été identifiés
INFO 03:00 Le système fonctionne correctement
INFO 04:25 Les opérations de maintenance sont en cours
ERROR 05:50 Une erreur grave a interrompu les processus
ERROR 07:15 Une situation d'urgence s'est produite
WARNING 08:40 Attention, des avertissements persistants
INFO 10:05 Les opérations se déroulent normalement
INFO 11:30 Une information importante pour le suivi
